<?xml version="1.0" encoding="UTF-8"?>
<testsuite xmlns:xsi="http://www.w3.org/2001/XMLSchema-instance" xsi:noNamespaceSchemaLocation="https://maven.apache.org/surefire/maven-surefire-plugin/xsd/surefire-test-report-3.0.xsd" version="3.0" name="com.umg.fibonacci.Test.TestFibonacci" time="0.336" tests="2" errors="0" skipped="0" failures="0">
  <properties>
[...]
</properties>
  <testcase name="testFibonacci9Elements" classname="com.umg.fibonacci.Test.TestFibonacci" time="0.215"/>
  <testcase name="testFibonacci5ElementsCustomStart" classname="com.umg.fibonacci.Test.TestFibonacci" time="0.002"/>
</testsuite>